<?xml version="1.0" encoding="UTF-8"?>
<testng-results skipped="0" failed="0" ignored="0" total="1" passed="1">
  <reporter-output>
  </reporter-output>
  <suite name="Default suite" duration-ms="10214" started-at="2021-06-15T17:31:47 IST" finished-at="2021-06-15T17:31:57 IST">
    <groups>
    </groups>
    <test name="Default test" duration-ms="10214" started-at="2021-06-15T17:31:47 IST" finished-at="2021-06-15T17:31:57 IST">
      <class name="basicRequest.DeleteIncident">
        <test-method status="PASS" signature="createIncidentWithoutBody()[pri:0, instance:basicRequest.DeleteIncident@1f7030a6]" name="createIncidentWithoutBody" duration-ms="10176" started-at="2021-06-15T17:31:47 IST" finished-at="2021-06-15T17:31:57 IST">
          <reporter-output>
          </reporter-output>
        </test-method> <!-- createIncidentWithoutBody -->
      </class> <!-- basicRequest.DeleteIncident -->
    </test> <!-- Default test -->
  </suite> <!-- Default suite -->
</testng-results>
